<?xml version='1.0' encoding='UTF-8' ?>
<testsuite name="com.example.testtab.ExampleInstrumentedTest" tests="2" failures="0" errors="0" skipped="0" time="58.947" timestamp="2023-02-23T06:06:22" hostname="localhost">
  <properties>
    <property name="device" value="SM-T355Y - 7.1.1" />
    <property name="flavor" value="" />
    <property name="project" value=":app" />
  </properties>
  <testcase name="useAppContext" classname="com.example.testtab.ExampleInstrumentedTest" time="0.015" />
  <testcase name="mst_Operations" classname="com.example.testtab.Tab_Settings" time="56.307" />
</testsuite>